<?xml version="1.0" encoding="UTF-8"?>
<!-- Generated by org.testng.reporters.JUnitReportReporter -->
<testsuite hostname="LAPTOP-30D2PLUC" failures="0" tests="2" name="TestNG.DependsonMethod" time="0.004" errors="0" timestamp="2022-07-04T22:22:05 IST" skipped="0">
  <testcase classname="TestNG.DependsonMethod" name="logout" time="0.002"/>
  <system-out>
    <![CDATA[logout successful]]>
  </system-out>
  <testcase classname="TestNG.DependsonMethod" name="login" time="0.002"/>
  <system-out>
    <![CDATA[Login Successful]]>
  </system-out>
</testsuite> <!-- TestNG.DependsonMethod -->
