<?xml version="1.0" encoding="UTF-8"?>
<!-- Generated by org.testng.reporters.JUnitReportReporter -->
<testsuite hostname="LAPTOP-30D2PLUC" failures="0" tests="1" name="TestNG.AnnotationsStudy" time="0.011" errors="0" timestamp="2022-07-04T22:22:05 IST" skipped="0">
  <testcase classname="TestNG.AnnotationsStudy" name="validateDashbord" time="0.011"/>
  <system-out>
    <![CDATA[Dashboard Validated]]>
  </system-out>
</testsuite> <!-- TestNG.AnnotationsStudy -->
