<?xml version="1.0" encoding="UTF-8"?>
<!-- Generated by org.testng.reporters.JUnitReportReporter -->
<testsuite hostname="LAPTOP-30D2PLUC" failures="0" tests="1" name="VerificationusingTestNG.AssetNullUse" time="0.017" errors="0" timestamp="2022-06-28T23:20:50 IST" skipped="0">
  <testcase classname="VerificationusingTestNG.AssetNullUse" name="nullUse" time="0.017"/>
  <system-out>
    <![CDATA[value is not null TC is passed]]>
  </system-out>
</testsuite> <!-- VerificationusingTestNG.AssetNullUse -->
