<?xml version="1.0" encoding="UTF-8"?>
<!-- Generated by org.testng.reporters.JUnitReportReporter -->
<testsuite hostname="LAPTOP-30D2PLUC" failures="0" tests="2" name="TestNG.TimeOut" time="3.041" errors="0" timestamp="2022-06-23T23:16:05 IST" skipped="0">
  <testcase classname="TestNG.TimeOut" name="ab2" time="3.028"/>
  <system-out>
    <![CDATA[ ab2 is running]]>
  </system-out>
  <testcase classname="TestNG.TimeOut" name="ab1" time="0.013"/>
  <system-out>
    <![CDATA[ ab1 is running]]>
  </system-out>
</testsuite> <!-- TestNG.TimeOut -->
