<?xml version="1.0" encoding="UTF-8"?>
<!-- Generated by org.testng.reporters.JUnitReportReporter -->
<testsuite hostname="LAPTOP-30D2PLUC" failures="0" tests="3" name="TestNG.PriorityKeyword" time="0.010" errors="0" timestamp="2022-06-23T23:58:52 IST" skipped="0">
  <testcase classname="TestNG.PriorityKeyword" name="d" time="0.009"/>
  <system-out>
    <![CDATA[ d is running]]>
  </system-out>
  <testcase classname="TestNG.PriorityKeyword" name="a" time="0.001"/>
  <system-out>
    <![CDATA[ a is running]]>
  </system-out>
  <testcase classname="TestNG.PriorityKeyword" name="c" time="0.000"/>
  <system-out>
    <![CDATA[ c is running]]>
  </system-out>
</testsuite> <!-- TestNG.PriorityKeyword -->
