<?xml version="1.0" encoding="UTF-8"?>
<!-- Generated by org.testng.reporters.JUnitReportReporter -->
<testsuite hostname="LAPTOP-30D2PLUC" failures="0" tests="5" name="TestNG.TestNGKeywords" time="0.009" errors="0" timestamp="2022-06-23T22:44:43 IST" skipped="0">
  <testcase classname="TestNG.TestNGKeywords" name="myTest" time="0.007"/>
  <system-out>
    <![CDATA[My Test Running]]>
  </system-out>
  <testcase classname="TestNG.TestNGKeywords" name="myTest" time="0.001"/>
  <system-out>
    <![CDATA[My Test Running]]>
  </system-out>
  <testcase classname="TestNG.TestNGKeywords" name="myTest" time="0.000"/>
  <system-out>
    <![CDATA[My Test Running]]>
  </system-out>
  <testcase classname="TestNG.TestNGKeywords" name="myTest" time="0.001"/>
  <system-out>
    <![CDATA[My Test Running]]>
  </system-out>
  <testcase classname="TestNG.TestNGKeywords" name="myTest" time="0.000"/>
  <system-out>
    <![CDATA[My Test Running]]>
  </system-out>
</testsuite> <!-- TestNG.TestNGKeywords -->
