<?xml version="1.0" encoding="UTF-8"?>
<!-- Generated by org.testng.reporters.JUnitReportReporter -->
<testsuite hostname="LAPTOP-30D2PLUC" failures="0" tests="2" name="TestNG.IncludeExclude" time="0.008" errors="0" timestamp="2022-06-23T23:57:27 IST" skipped="0">
  <testcase classname="TestNG.IncludeExclude" name="ab2" time="0.007"/>
  <system-out>
    <![CDATA[ab2 is passed]]>
  </system-out>
  <testcase classname="TestNG.IncludeExclude" name="ab3" time="0.001"/>
  <system-out>
    <![CDATA[ab3 is passed]]>
  </system-out>
</testsuite> <!-- TestNG.IncludeExclude -->
