<?xml version="1.0" encoding="UTF-8"?>
<!-- Generated by org.testng.reporters.JUnitReportReporter -->
<testsuite hostname="LAPTOP-30D2PLUC" failures="0" tests="1" name="VerificationusingTestNG.MultipleVerifcation" time="0.016" errors="0" timestamp="2022-06-28T23:32:47 IST" skipped="0">
  <testcase classname="VerificationusingTestNG.MultipleVerifcation" name="myMethod" time="0.016"/>
  <system-out/>
</testsuite> <!-- VerificationusingTestNG.MultipleVerifcation -->
