<?xml version="1.0" encoding="UTF-8"?>
<!-- Generated by org.testng.reporters.JUnitReportReporter -->
<testsuite hostname="LAPTOP-30D2PLUC" failures="0" tests="1" name="TestNG.Mytestclass" time="15.125" errors="0" timestamp="2022-06-23T10:29:48 IST" skipped="0">
  <testcase classname="TestNG.Mytestclass" name="myMethod" time="15.125"/>
  <system-out/>
</testsuite> <!-- TestNG.Mytestclass -->
