<?xml version="1.0" encoding="UTF-8"?>
<!-- Generated by org.testng.reporters.JUnitReportReporter -->
<testsuite hostname="LAPTOP-30D2PLUC" failures="0" tests="1" name="ParallelandSerialExe.Test2" time="8.159" errors="0" timestamp="2022-07-04T22:38:09 IST" skipped="0">
  <testcase classname="ParallelandSerialExe.Test2" name="myMethod2" time="8.159"/>
  <system-out/>
</testsuite> <!-- ParallelandSerialExe.Test2 -->
