<?xml version="1.0" encoding="UTF-8"?>
<!-- Generated by org.testng.reporters.JUnitReportReporter -->
<testsuite hostname="LAPTOP-30D2PLUC" failures="0" tests="2" name="TestNG.Enabled" time="0.007" errors="0" timestamp="2022-06-24T00:26:45 IST" skipped="1">
  <testcase classname="TestNG.Enabled" name="tC1" time="0.007"/>
  <system-out>
    <![CDATA[ tc1 is running ]]>
  </system-out>
  <testcase classname="TestNG.Enabled" name="tC2">
    <skipped/>
  </testcase> <!-- tC2 -->
  <system-out/>
</testsuite> <!-- TestNG.Enabled -->
