<?xml version="1.0" encoding="UTF-8"?>
<!-- Generated by org.testng.reporters.JUnitReportReporter -->
<testsuite hostname="LAPTOP-30D2PLUC" failures="0" tests="1" name="VerificationusingTestNG.AssertEqualsUse" time="0.017" errors="0" timestamp="2022-07-04T22:18:28 IST" skipped="0">
  <testcase classname="VerificationusingTestNG.AssertEqualsUse" name="myMethod" time="0.017"/>
  <system-out>
    <![CDATA[ a and b values are not matching TC is passed]]>
  </system-out>
</testsuite> <!-- VerificationusingTestNG.AssertEqualsUse -->
